<?xml version="1.0" encoding="UTF-8"?>
<testng-results ignored="0" total="1" passed="1" failed="0" skipped="0">
  <reporter-output>
  </reporter-output>
  <suite started-at="2024-03-04T10:40:02 IST" name="Suite" finished-at="2024-03-04T10:40:13 IST" duration-ms="11654">
    <groups>
      <group name="sanity">
        <method signature="Tc_002_logintest.logintest()[pri:0, instance:testCases.Tc_002_logintest@56620197]" name="logintest" class="testCases.Tc_002_logintest"/>
      </group> <!-- sanity -->
    </groups>
    <test started-at="2024-03-04T10:40:02 IST" name="Test" finished-at="2024-03-04T10:40:13 IST" duration-ms="11654">
      <class name="testCases.Tc_002_logintest">
        <test-method is-config="true" signature="setup(java.lang.String)[pri:0, instance:testCases.Tc_002_logintest@56620197]" started-at="2024-03-04T10:40:02 IST" name="setup" finished-at="2024-03-04T10:40:09 IST" duration-ms="6886" status="PASS">
          <params>
            <param index="0">
              <value>
                <![CDATA[edge]]>
              </value>
            </param>
          </params>
          <reporter-output>
          </reporter-output>
        </test-method> <!-- setup -->
        <test-method signature="logintest()[pri:0, instance:testCases.Tc_002_logintest@56620197]" started-at="2024-03-04T10:40:09 IST" name="logintest" finished-at="2024-03-04T10:40:12 IST" duration-ms="2717" status="PASS">
          <reporter-output>
          </reporter-output>
        </test-method> <!-- logintest -->
        <test-method is-config="true" signature="teardown()[pri:0, instance:testCases.Tc_002_logintest@56620197]" started-at="2024-03-04T10:40:12 IST" name="teardown" finished-at="2024-03-04T10:40:13 IST" duration-ms="1473" status="PASS">
          <reporter-output>
          </reporter-output>
        </test-method> <!-- teardown -->
      </class> <!-- testCases.Tc_002_logintest -->
    </test> <!-- Test -->
  </suite> <!-- Suite -->
</testng-results>
